<?xml version="1.0" encoding="UTF-8"?>
<!-- Generated by org.testng.reporters.JUnitXMLReporter -->
<testsuite hostname="Abdou-PC" ignored="0" name="Test" tests="3" failures="1" timestamp="2020-11-22T15:11:34 GMT+01:00" time="39.111" errors="0">
  <testcase name="testLogin" time="0.486" classname="demo.TestDemo"/>
  <testcase name="testLogin" time="0.413" classname="demo.TestDemo"/>
  <testcase name="testHomePage" time="11.406" classname="demo.TestDemo">
    <failure type="java.lang.AssertionError">
      <![CDATA[java.lang.AssertionError
at org.junit.Assert.fail(Assert.java:86)
at org.junit.Assert.assertTrue(Assert.java:41)
at org.junit.Assert.assertFalse(Assert.java:64)
at org.junit.Assert.assertFalse(Assert.java:74)
at demo.TestDemo.testHomePage(TestDemo.java:65)
at java.util.ArrayList.forEach(Unknown Source)
... Removed 27 stack frames]]>
    </failure>
  </testcase> <!-- testHomePage -->
</testsuite> <!-- Test -->
